<?xml version="1.0" encoding="UTF-8"?>
<testsuite name="Sign page Test"
           tests="5"
           failures="0"
           errors="0"
           skipped="0"
           time="19.862">
  <properties />
  
  
            <testcase name="verifyUserShouldAddProductToTheCartSuccessfully" time="4.404" classname="com.automation.testsuite.WomenCategoryPageTest" />
                <testcase name="verifyUserShouldAddProductToTheCartSuccessfully" time="4.553" classname="com.automation.testsuite.WomenCategoryPageTest" />
                <testcase name="verifyUserShouldNavigateToWomenCategoryPageSuccessfully" time="1.858" classname="com.automation.testsuite.WomenCategoryPageTest" />
                <testcase name="verifyUserShouldAddProductToTheCartSuccessfully" time="4.656" classname="com.automation.testsuite.WomenCategoryPageTest" />
                <testcase name="verifyUserShouldAddProductToTheCartSuccessfully" time="4.391" classname="com.automation.testsuite.WomenCategoryPageTest" />
      
</testsuite>
